<?xml version="1.0" encoding="UTF-8"?>
<testng-results skipped="0" failed="0" ignored="0" total="1" passed="1">
  <reporter-output>
  </reporter-output>
  <suite name="Default Suite" duration-ms="7673" started-at="2019-12-09T06:38:15Z" finished-at="2019-12-09T06:38:23Z">
    <groups>
    </groups>
    <test name="spreeAutomation" duration-ms="7673" started-at="2019-12-09T06:38:15Z" finished-at="2019-12-09T06:38:23Z">
      <class name="NewAccountCreation">
        <test-method status="PASS" signature="CreateNewAccount()[pri:0, instance:NewAccountCreation@16c0663d]" name="CreateNewAccount" duration-ms="7638" started-at="2019-12-09T06:38:15Z" finished-at="2019-12-09T06:38:23Z">
          <reporter-output>
          </reporter-output>
        </test-method> <!-- CreateNewAccount -->
      </class> <!-- NewAccountCreation -->
    </test> <!-- spreeAutomation -->
  </suite> <!-- Default Suite -->
</testng-results>
